TN:
SF:C:\Users\Maksym_Shatailo\_Main\learn\Angular2+ training\shop\src\polyfills.ts
FNF:0
FNH:0
LF:0
LH:0
BRF:0
BRH:0
end_of_record
TN:
SF:C:\Users\Maksym_Shatailo\_Main\learn\Angular2+ training\shop\src\test.ts
FNF:0
FNH:0
DA:13,1
DA:18,1
DA:20,1
LF:3
LH:3
BRF:0
BRH:0
end_of_record
TN:
SF:C:\Users\Maksym_Shatailo\_Main\learn\Angular2+ training\shop\src\app\app.component.ts
FN:11,(anonymous_0)
FN:13,AppComponent
FN:16,(anonymous_2)
FNF:3
FNH:3
FNDA:1,(anonymous_0)
FNDA:1,AppComponent
FNDA:1,(anonymous_2)
DA:11,1
DA:14,1
DA:16,1
DA:17,1
DA:19,1
LF:5
LH:5
BRF:0
BRH:0
end_of_record
TN:
SF:C:\Users\Maksym_Shatailo\_Main\learn\Angular2+ training\shop\src\app\core\core.module.ts
FN:18,(anonymous_0)
FNF:1
FNH:1
FNDA:1,(anonymous_0)
DA:18,1
LF:1
LH:1
BRF:0
BRH:0
end_of_record
TN:
SF:C:\Users\Maksym_Shatailo\_Main\learn\Angular2+ training\shop\src\app\core\material\material.module.ts
FN:44,(anonymous_0)
FNF:1
FNH:1
FNDA:20,(anonymous_0)
DA:18,1
DA:44,1
LF:2
LH:2
BRF:0
BRH:0
end_of_record
TN:
SF:C:\Users\Maksym_Shatailo\_Main\learn\Angular2+ training\shop\src\app\core\services\app-settings.service.ts
FN:11,(anonymous_0)
FN:14,AppSettingsService
FN:19,(anonymous_2)
FN:22,(anonymous_3)
FN:25,(anonymous_4)
FN:29,(anonymous_5)
FN:33,(anonymous_6)
FN:37,(anonymous_7)
FN:41,(anonymous_8)
FN:45,(anonymous_9)
FN:50,(anonymous_10)
FNF:11
FNH:1
FNDA:1,(anonymous_0)
FNDA:0,AppSettingsService
FNDA:0,(anonymous_2)
FNDA:0,(anonymous_3)
FNDA:0,(anonymous_4)
FNDA:0,(anonymous_5)
FNDA:0,(anonymous_6)
FNDA:0,(anonymous_7)
FNDA:0,(anonymous_8)
FNDA:0,(anonymous_9)
FNDA:0,(anonymous_10)
DA:11,1
DA:15,0
DA:16,0
DA:19,1
DA:20,0
DA:21,0
DA:22,0
DA:24,0
DA:26,0
DA:27,0
DA:29,0
DA:33,1
DA:34,0
DA:37,1
DA:38,0
DA:41,1
DA:42,0
DA:45,1
DA:46,0
DA:50,1
DA:51,0
DA:59,1
LF:22
LH:8
BRDA:20,0,0,0
BRDA:20,0,1,0
BRF:2
BRH:0
end_of_record
TN:
SF:C:\Users\Maksym_Shatailo\_Main\learn\Angular2+ training\shop\src\app\core\services\constants.service.ts
FNF:0
FNH:0
DA:3,1
DA:5,1
LF:2
LH:2
BRF:0
BRH:0
end_of_record
TN:
SF:C:\Users\Maksym_Shatailo\_Main\learn\Angular2+ training\shop\src\app\core\services\generator.service.ts
FN:5,GeneratorFactory
FN:6,(anonymous_1)
FNF:2
FNH:1
FNDA:1,GeneratorFactory
FNDA:0,(anonymous_1)
DA:3,1
DA:6,1
DA:7,0
DA:8,0
DA:9,0
DA:10,0
DA:12,0
LF:7
LH:2
BRF:0
BRH:0
end_of_record
TN:
SF:C:\Users\Maksym_Shatailo\_Main\learn\Angular2+ training\shop\src\app\core\services\local-storage.service.ts
FN:8,(anonymous_0)
FN:10,LocalStorageService
FN:12,(anonymous_2)
FN:16,(anonymous_3)
FN:20,(anonymous_4)
FNF:5
FNH:1
FNDA:1,(anonymous_0)
FNDA:0,LocalStorageService
FNDA:0,(anonymous_2)
FNDA:0,(anonymous_3)
FNDA:0,(anonymous_4)
DA:8,1
DA:12,1
DA:13,0
DA:16,1
DA:17,0
DA:20,1
DA:21,0
DA:23,1
LF:8
LH:5
BRF:0
BRH:0
end_of_record
TN:
SF:C:\Users\Maksym_Shatailo\_Main\learn\Angular2+ training\shop\src\app\core\store\core-store.module.ts
FN:24,(anonymous_0)
FNF:1
FNH:1
FNDA:1,(anonymous_0)
DA:24,1
LF:1
LH:1
BRDA:18,0,0,1
BRDA:18,0,1,0
BRF:2
BRH:1
end_of_record
TN:
SF:C:\Users\Maksym_Shatailo\_Main\learn\Angular2+ training\shop\src\app\core\store\cart\cart.actions.ts
FN:5,(anonymous_0)
FN:15,(anonymous_1)
FN:17,AddProductToCart
FN:20,(anonymous_3)
FN:22,RemoveProductFromCart
FN:25,(anonymous_5)
FN:27,IncreaseProductQuantity
FN:30,(anonymous_7)
FN:34,(anonymous_9)
FN:36,LoadCartFromLocalStorageSuccess
FN:39,(anonymous_11)
FN:41,DecreaseProductQuantity
FN:44,(anonymous_13)
FNF:13
FNH:9
FNDA:1,(anonymous_0)
FNDA:1,(anonymous_1)
FNDA:5,AddProductToCart
FNDA:1,(anonymous_3)
FNDA:0,RemoveProductFromCart
FNDA:1,(anonymous_5)
FNDA:0,IncreaseProductQuantity
FNDA:3,(anonymous_7)
FNDA:1,(anonymous_9)
FNDA:0,LoadCartFromLocalStorageSuccess
FNDA:1,(anonymous_11)
FNDA:0,DecreaseProductQuantity
FNDA:1,(anonymous_13)
DA:5,1
DA:6,1
DA:7,1
DA:8,1
DA:9,1
DA:10,1
DA:11,1
DA:12,1
DA:15,1
DA:16,5
DA:17,5
DA:18,1
DA:20,1
DA:21,0
DA:22,0
DA:23,1
DA:25,1
DA:26,0
DA:27,0
DA:28,1
DA:30,1
DA:31,2
DA:32,1
DA:34,1
DA:35,0
DA:36,0
DA:37,1
DA:39,1
DA:40,0
DA:41,0
DA:42,1
DA:44,1
DA:45,0
DA:46,1
LF:34
LH:25
BRDA:5,0,0,1
BRDA:5,0,1,1
BRF:2
BRH:2
end_of_record
TN:
SF:C:\Users\Maksym_Shatailo\_Main\learn\Angular2+ training\shop\src\app\core\store\router\router.actions.ts
FN:4,(anonymous_0)
FN:10,(anonymous_1)
FN:12,Go
FN:21,(anonymous_3)
FN:25,(anonymous_5)
FNF:5
FNH:5
FNDA:1,(anonymous_0)
FNDA:1,(anonymous_1)
FNDA:5,Go
FNDA:1,(anonymous_3)
FNDA:1,(anonymous_5)
DA:4,1
DA:5,1
DA:6,1
DA:7,1
DA:10,1
DA:11,5
DA:13,5
DA:19,1
DA:21,1
DA:22,0
DA:23,1
DA:25,1
DA:26,0
DA:27,1
LF:14
LH:12
BRDA:4,0,0,1
BRDA:4,0,1,1
BRF:2
BRH:2
end_of_record
TN:
SF:C:\Users\Maksym_Shatailo\_Main\learn\Angular2+ training\shop\src\app\core\store\router\router.effects.ts
FN:12,(anonymous_0)
FN:13,RouterEffects
FN:23,(anonymous_2)
FN:31,(anonymous_3)
FN:37,(anonymous_4)
FNF:5
FNH:1
FNDA:1,(anonymous_0)
FNDA:0,RouterEffects
FNDA:0,(anonymous_2)
FNDA:0,(anonymous_3)
FNDA:0,(anonymous_4)
DA:12,1
DA:13,0
DA:14,0
DA:15,0
DA:16,0
DA:20,1
DA:23,0
DA:24,0
DA:29,1
DA:31,0
DA:35,1
DA:37,0
DA:39,1
LF:13
LH:5
BRF:0
BRH:0
end_of_record
TN:
SF:C:\Users\Maksym_Shatailo\_Main\learn\Angular2+ training\shop\src\app\core\store\router\router.state.ts
FN:20,(anonymous_0)
FN:21,(anonymous_2)
FNF:2
FNH:1
FNDA:1,(anonymous_0)
FNDA:0,(anonymous_2)
DA:16,1
DA:20,1
DA:21,1
DA:22,0
DA:23,0
DA:25,0
DA:26,0
DA:27,0
DA:30,0
DA:32,0
DA:34,1
DA:36,1
LF:12
LH:5
BRF:0
BRH:0
end_of_record
TN:
SF:C:\Users\Maksym_Shatailo\_Main\learn\Angular2+ training\shop\src\app\modules\cart\services\cart.service.ts
FN:10,(anonymous_0)
FN:11,CartService
FN:15,(anonymous_2)
FN:19,(anonymous_3)
FN:23,(anonymous_4)
FNF:5
FNH:5
FNDA:1,(anonymous_0)
FNDA:3,CartService
FNDA:1,(anonymous_2)
FNDA:1,(anonymous_3)
FNDA:1,(anonymous_4)
DA:10,1
DA:12,3
DA:15,1
DA:16,1
DA:19,1
DA:20,1
DA:23,1
DA:24,1
DA:26,1
LF:9
LH:9
BRF:0
BRH:0
end_of_record
TN:
SF:C:\Users\Maksym_Shatailo\_Main\learn\Angular2+ training\shop\src\app\modules\products\components\product\product.component.ts
FN:21,(anonymous_0)
FN:26,ProductComponent
FN:30,(anonymous_2)
FN:33,(anonymous_3)
FN:37,(anonymous_4)
FN:41,(anonymous_5)
FNF:6
FNH:6
FNDA:1,(anonymous_0)
FNDA:19,ProductComponent
FNDA:18,(anonymous_2)
FNDA:1,(anonymous_3)
FNDA:1,(anonymous_4)
FNDA:1,(anonymous_5)
DA:21,1
DA:22,1
DA:23,19
DA:24,19
DA:27,19
DA:30,1
DA:33,1
DA:34,1
DA:37,1
DA:38,1
DA:41,1
DA:42,1
DA:46,1
LF:13
LH:13
BRF:0
BRH:0
end_of_record
TN:
SF:C:\Users\Maksym_Shatailo\_Main\learn\Angular2+ training\shop\src\app\modules\products\components\products-list\products-list.component.ts
FN:19,(anonymous_0)
FN:22,ProductsListComponent
FN:27,(anonymous_2)
FN:31,(anonymous_3)
FN:38,(anonymous_4)
FNF:5
FNH:5
FNDA:1,(anonymous_0)
FNDA:4,ProductsListComponent
FNDA:4,(anonymous_2)
FNDA:2,(anonymous_3)
FNDA:3,(anonymous_4)
DA:19,1
DA:23,4
DA:24,4
DA:27,1
DA:28,4
DA:31,1
DA:32,2
DA:33,2
DA:38,1
DA:39,3
DA:41,1
LF:11
LH:11
BRF:0
BRH:0
end_of_record
TN:
SF:C:\Users\Maksym_Shatailo\_Main\learn\Angular2+ training\shop\src\app\modules\products\models\product.model.ts
FN:3,(anonymous_0)
FN:4,Product
FNF:2
FNH:1
FNDA:1,(anonymous_0)
FNDA:0,Product
DA:3,1
DA:5,0
DA:6,0
DA:7,0
DA:8,0
DA:9,0
DA:10,0
DA:11,0
DA:13,1
LF:9
LH:2
BRDA:11,0,0,0
BRDA:11,0,1,0
BRF:2
BRH:0
end_of_record
TN:
SF:C:\Users\Maksym_Shatailo\_Main\learn\Angular2+ training\shop\src\app\modules\products\services\products.service.ts
FN:12,(anonymous_0)
FN:16,ProductsService
FN:21,(anonymous_2)
FN:25,(anonymous_3)
FN:29,(anonymous_4)
FN:33,(anonymous_5)
FNF:6
FNH:6
FNDA:1,(anonymous_0)
FNDA:4,ProductsService
FNDA:1,(anonymous_2)
FNDA:1,(anonymous_3)
FNDA:1,(anonymous_4)
FNDA:1,(anonymous_5)
DA:12,1
DA:14,4
DA:17,4
DA:18,4
DA:21,1
DA:22,1
DA:25,1
DA:26,1
DA:29,1
DA:30,1
DA:33,1
DA:34,1
DA:36,1
LF:13
LH:13
BRF:0
BRH:0
end_of_record
TN:
SF:C:\Users\Maksym_Shatailo\_Main\learn\Angular2+ training\shop\src\app\shared\pipes\order-by.pipe.ts
FN:6,(anonymous_0)
FN:8,(anonymous_2)
FN:11,(anonymous_3)
FN:12,(anonymous_4)
FN:13,(anonymous_5)
FN:17,(anonymous_6)
FN:27,(anonymous_7)
FNF:7
FNH:7
FNDA:2,(anonymous_0)
FNDA:6,(anonymous_2)
FNDA:10,(anonymous_3)
FNDA:9,(anonymous_4)
FNDA:19,(anonymous_5)
FNDA:10,(anonymous_6)
FNDA:9,(anonymous_7)
DA:6,1
DA:8,9
DA:9,6
DA:10,6
DA:11,10
DA:12,9
DA:13,19
DA:14,6
DA:17,1
DA:18,10
DA:19,7
DA:20,3
DA:21,3
DA:23,0
DA:27,1
DA:28,9
DA:29,3
DA:30,6
DA:31,6
DA:33,0
DA:36,1
LF:21
LH:19
BRDA:8,0,0,3
BRDA:8,0,1,3
BRDA:11,1,0,3
BRDA:11,1,1,3
BRDA:18,2,0,7
BRDA:18,2,1,3
BRDA:20,3,0,3
BRDA:20,3,1,0
BRDA:28,4,0,3
BRDA:28,4,1,6
BRDA:30,5,0,6
BRDA:30,5,1,0
BRF:12
BRH:10
end_of_record
TN:
SF:C:\Users\Maksym_Shatailo\_Main\learn\Angular2+ training\shop\src\environments\environment.ts
FNF:0
FNH:0
DA:5,1
LF:1
LH:1
BRF:0
BRH:0
end_of_record
